<?xml version="1.0" encoding="UTF-8"?>
<testng-results skipped="0" failed="0" ignored="0" total="1" passed="1">
  <reporter-output>
  </reporter-output>
  <suite name="NewSuiteCases" duration-ms="11765" started-at="2020-05-17T22:24:10 IST" finished-at="2020-05-17T22:24:22 IST">
    <groups>
    </groups>
    <test name="RetrySuites" duration-ms="11765" started-at="2020-05-17T22:24:10 IST" finished-at="2020-05-17T22:24:22 IST">
      <class name="com.PrincipalSubmit.SubmitClass">
        <test-method status="PASS" signature="clickSubmit(java.lang.String)[pri:0, instance:com.PrincipalSubmit.SubmitClass@5700d6b1]" name="clickSubmit" duration-ms="11725" started-at="2020-05-17T22:24:10 IST" finished-at="2020-05-17T22:24:22 IST">
          <params>
            <param index="0">
              <value>
                <![CDATA[https://onlineapplication.principal.com/?refer=cKBKnsS64qP3IEFlpCb3CsBZXw51qxZkq6M3CSKw7NirfwBYs3w5iUnfTplf2XHRcni%2FP22Rxf7PwGCe0PDju%2BqwXva4UXy6xw4wwBHi9UcudgbYd%2B14Z3uL9lyvQp9c#/display/5abd4824057533000f64fc83/5ec0bcbd28ef6d025ce8d857/5abd4824057533000f64fc83]]>
              </value>
            </param>
          </params>
          <reporter-output>
          </reporter-output>
        </test-method> <!-- clickSubmit -->
      </class> <!-- com.PrincipalSubmit.SubmitClass -->
    </test> <!-- RetrySuites -->
  </suite> <!-- NewSuiteCases -->
</testng-results>
